TN:
SF:src/Modules/Appointments/Services/CreateAppointmentService.ts
FN:16,(anonymous_18)
FN:17,CreateAppointmentService
FN:22,(anonymous_20)
FNF:3
FNH:3
FNDA:1,(anonymous_18)
FNDA:2,CreateAppointmentService
FNDA:3,(anonymous_20)
DA:1,1
DA:2,1
DA:5,1
DA:16,1
DA:19,2
DA:22,1
DA:23,3
DA:24,3
DA:25,3
DA:27,3
DA:29,3
DA:33,3
DA:34,1
DA:37,2
DA:43,2
DA:45,1
DA:47,1
LF:17
LH:17
BRDA:33,0,0,1
BRDA:33,0,1,2
BRF:2
BRH:2
end_of_record
TN:
SF:src/Modules/Appointments/Services/ListProviderDayAvailabillityService.ts
FN:19,(anonymous_17)
FN:20,ListProviderDayAvailabillityService
FN:25,(anonymous_19)
FN:43,(anonymous_22)
FN:48,(anonymous_23)
FN:50,(anonymous_24)
FNF:6
FNH:6
FNDA:1,(anonymous_17)
FNDA:1,ListProviderDayAvailabillityService
FNDA:1,(anonymous_19)
FNDA:10,(anonymous_22)
FNDA:10,(anonymous_23)
FNDA:19,(anonymous_24)
DA:1,1
DA:3,1
DA:19,1
DA:22,1
DA:25,1
DA:26,1
DA:27,1
DA:28,1
DA:29,1
DA:31,1
DA:40,1
DA:41,1
DA:43,10
DA:46,1
DA:48,1
DA:49,10
DA:50,19
DA:53,10
DA:55,10
DA:61,1
DA:63,1
DA:65,1
LF:22
LH:22
BRDA:31,0,0,1
BRDA:57,1,0,10
BRDA:57,1,1,8
BRF:3
BRH:3
end_of_record
TN:
SF:src/Modules/Appointments/Services/ListProviderMonthAvailabillityService.ts
FN:18,(anonymous_17)
FN:19,ListProviderMonthAvailabillityService
FN:24,(anonymous_19)
FN:37,(anonymous_22)
FN:40,(anonymous_23)
FN:41,(anonymous_24)
FNF:6
FNH:6
FNDA:1,(anonymous_17)
FNDA:1,ListProviderMonthAvailabillityService
FNDA:1,(anonymous_19)
FNDA:31,(anonymous_22)
FNDA:31,(anonymous_23)
FNDA:341,(anonymous_24)
DA:1,1
DA:3,1
DA:18,1
DA:21,1
DA:24,1
DA:25,1
DA:26,1
DA:27,1
DA:29,1
DA:33,1
DA:35,1
DA:37,31
DA:40,1
DA:41,31
DA:42,341
DA:45,31
DA:51,1
DA:53,1
DA:55,1
LF:19
LH:19
BRDA:29,0,0,1
BRF:1
BRH:1
end_of_record
TN:
SF:src/Modules/Appointments/Services/ListProvidersService.ts
FN:11,(anonymous_17)
FN:12,ListProvidersService
FN:17,(anonymous_19)
FNF:3
FNH:3
FNDA:1,(anonymous_17)
FNDA:1,ListProvidersService
FNDA:1,(anonymous_19)
DA:1,1
DA:11,1
DA:14,1
DA:17,1
DA:18,1
DA:22,1
DA:24,1
DA:26,1
LF:8
LH:8
BRDA:18,0,0,1
BRF:1
BRH:1
end_of_record
TN:
SF:src/Modules/Users/Services/AuthenticateUserService.ts
FN:21,(anonymous_18)
FN:22,AuthenticateUserService
FN:30,(anonymous_20)
FNF:3
FNH:3
FNDA:1,(anonymous_18)
FNDA:4,AuthenticateUserService
FNDA:3,(anonymous_20)
DA:2,1
DA:3,1
DA:4,1
DA:7,1
DA:21,1
DA:24,4
DA:27,4
DA:30,3
DA:31,3
DA:33,3
DA:34,1
DA:37,2
DA:39,2
DA:40,1
DA:43,1
DA:45,1
DA:50,1
DA:52,1
DA:54,1
LF:19
LH:19
BRDA:31,0,0,3
BRDA:33,1,0,1
BRDA:33,1,1,2
BRDA:39,2,0,1
BRDA:39,2,1,1
BRF:5
BRH:5
end_of_record
TN:
SF:src/Modules/Users/Services/CreateUserService.ts
FN:15,(anonymous_18)
FN:16,CreateUserService
FN:24,(anonymous_20)
FNF:3
FNH:3
FNDA:2,(anonymous_18)
FNDA:6,CreateUserService
FNDA:5,(anonymous_20)
DA:2,2
DA:4,2
DA:15,2
DA:18,6
DA:21,6
DA:24,5
DA:25,5
DA:27,5
DA:28,1
DA:31,4
DA:33,4
DA:39,4
DA:41,2
DA:43,2
LF:14
LH:14
BRDA:25,0,0,5
BRDA:27,1,0,1
BRDA:27,1,1,4
BRF:3
BRH:3
end_of_record
TN:
SF:src/Modules/Users/Services/ResetPasswordService.ts
FN:15,(anonymous_18)
FN:16,SendForgotPasswordEmailService
FN:27,(anonymous_20)
FNF:3
FNH:3
FNDA:1,(anonymous_18)
FNDA:4,SendForgotPasswordEmailService
FNDA:4,(anonymous_20)
DA:1,1
DA:2,1
DA:4,1
DA:15,1
DA:18,4
DA:21,4
DA:24,4
DA:27,4
DA:28,4
DA:30,4
DA:31,1
DA:34,3
DA:36,3
DA:37,1
DA:40,2
DA:41,2
DA:43,2
DA:44,1
DA:47,1
DA:49,2
DA:51,1
DA:53,1
LF:22
LH:22
BRDA:28,0,0,4
BRDA:30,1,0,1
BRDA:30,1,1,3
BRDA:36,2,0,1
BRDA:36,2,1,2
BRDA:43,3,0,1
BRDA:43,3,1,1
BRF:7
BRH:7
end_of_record
TN:
SF:src/Modules/Users/Services/SendForgotPasswordEmailService.ts
FN:15,(anonymous_18)
FN:16,SendForgotPasswordEmailService
FN:27,(anonymous_20)
FNF:3
FNH:3
FNDA:1,(anonymous_18)
FNDA:3,SendForgotPasswordEmailService
FNDA:3,(anonymous_20)
DA:2,1
DA:3,1
DA:5,1
DA:15,1
DA:18,3
DA:21,3
DA:24,3
DA:27,3
DA:28,3
DA:30,3
DA:31,1
DA:34,2
DA:36,2
DA:43,4
DA:58,1
DA:60,1
LF:16
LH:16
BRDA:28,0,0,3
BRDA:30,1,0,1
BRDA:30,1,1,2
BRF:3
BRH:3
end_of_record
TN:
SF:src/Modules/Users/Services/ShowProfileService.ts
FN:12,(anonymous_18)
FN:13,ShowProfileService
FN:18,(anonymous_20)
FNF:3
FNH:3
FNDA:1,(anonymous_18)
FNDA:2,ShowProfileService
FNDA:2,(anonymous_20)
DA:2,1
DA:5,1
DA:12,1
DA:15,2
DA:18,2
DA:19,2
DA:21,2
DA:22,1
DA:25,1
DA:27,1
DA:29,1
LF:11
LH:11
BRDA:19,0,0,2
BRDA:21,1,0,1
BRDA:21,1,1,1
BRF:3
BRH:3
end_of_record
TN:
SF:src/Modules/Users/Services/UpdateProfileService.ts
FN:17,(anonymous_18)
FN:18,UpdateProfileService
FN:26,(anonymous_20)
FNF:3
FNH:3
FNDA:1,(anonymous_18)
FNDA:6,UpdateProfileService
FNDA:6,(anonymous_20)
DA:2,1
DA:6,1
DA:17,1
DA:20,6
DA:23,6
DA:26,1
DA:27,6
DA:28,6
DA:29,6
DA:30,6
DA:31,6
DA:33,6
DA:35,6
DA:36,1
DA:39,5
DA:41,5
DA:42,1
DA:45,4
DA:46,4
DA:48,4
DA:49,1
DA:54,4
DA:55,2
DA:60,2
DA:61,1
DA:64,1
DA:67,2
DA:69,1
DA:71,1
LF:29
LH:29
BRDA:33,0,0,6
BRDA:33,0,1,2
BRDA:35,1,0,1
BRDA:35,1,1,5
BRDA:41,2,0,1
BRDA:41,2,1,4
BRDA:41,3,0,5
BRDA:41,3,1,1
BRDA:48,4,0,1
BRDA:48,4,1,3
BRDA:48,5,0,4
BRDA:48,5,1,3
BRDA:54,6,0,1
BRDA:54,6,1,2
BRDA:54,7,0,3
BRDA:54,7,1,2
BRDA:60,8,0,1
BRDA:60,8,1,1
BRF:18
BRH:18
end_of_record
TN:
SF:src/Modules/Users/Services/UpdateUserAvatarService.ts
FN:13,(anonymous_18)
FN:14,UpdateUserAvatarService
FN:22,(anonymous_20)
FNF:3
FNH:3
FNDA:1,(anonymous_18)
FNDA:3,UpdateUserAvatarService
FNDA:4,(anonymous_20)
DA:2,1
DA:3,1
DA:13,1
DA:16,3
DA:19,3
DA:22,4
DA:23,4
DA:25,4
DA:26,1
DA:29,5
DA:30,2
DA:33,3
DA:35,3
DA:37,6
DA:39,3
DA:41,1
DA:43,1
LF:17
LH:17
BRDA:23,0,0,4
BRDA:23,0,1,3
BRDA:25,1,0,1
BRDA:25,1,1,3
BRDA:29,2,0,2
BRDA:29,2,1,1
BRF:6
BRH:6
end_of_record
